C51 COMPILER V9.54   CPU_INIT                                                              11/16/2017 15:34:09 PAGE 1   


C51 COMPILER V9.54, COMPILATION OF MODULE CPU_INIT
OBJECT MODULE PLACED IN .\Objects\CPU_Init.obj
COMPILER INVOKED BY: F:\IDE\Keil_v5\C51\BIN\C51.EXE sources\CPU_Init.c OPTIMIZE(8,SPEED) BROWSE INCDIR(.\includes) DEBUG
                    - OBJECTEXTEND PRINT(.\Listings\CPU_Init.lst) OBJECT(.\Objects\CPU_Init.obj)

line level    source

   1          #define  _CPUINIT_GLOBALS
   2          #define  _DataManage_GLOBALS
   3          #include "CPU_Init.h"
   4          #include "STC15F2K48AS.h"
   5          
   6          #include <intrins.h>  
   7          //5ms软件计时，调试用
   8          void Delay5ms(void)             //@11.0592MHz
   9          {
  10   1              unsigned char i, j;
  11   1              i = 54;
  12   1              j = 199;
  13   1              do
  14   1              {
  15   2                      while (--j);
  16   2              } while (--i);
  17   1      }
  18          
  19          void InitTimer0(void)
  20          {
  21   1              TMOD &= 0xf0;
  22   1              TMOD |= 0x01;
  23   1              TH0 = 0xed;
  24   1              TL0 = 0xff;
  25   1              ET0 = 1;
  26   1              TR0 = 1;
  27   1      }
  28          
  29          //中断服务，时基：5ms
  30          void Timer0Interrupt(void) interrupt 1
  31          {
  32   1              TH0 = 0xed;
  33   1              TL0 = 0xff;
  34   1              //test
  35   1      //      if(P04)
  36   1      //              P04 = 0;
  37   1      //      else
  38   1      //              P04 = 1;
  39   1                      
  40   1              Sample_timing ++;
  41   1              Key_timing ++;
  42   1              Display_timing ++;
  43   1              //25ms
  44   1              if(Sample_timing > 4){
  45   2                      Sample_timing = 0;
  46   2                      Sample_25 = 1;
  47   2              }
  48   1              
  49   1              //100ms
  50   1              if(Key_timing > 19){
  51   2                      Key_timing = 0;
  52   2                      Key_100ms = 1;
  53   2              }
  54   1              
C51 COMPILER V9.54   CPU_INIT                                                              11/16/2017 15:34:09 PAGE 2   

  55   1              //100ms
  56   1              if(Display_timing > 18){
  57   2                      Display_timing = 0;
  58   2                      Display_100ms = 1;
  59   2              }
  60   1      }
  61          


MODULE INFORMATION:   STATIC OVERLAYABLE
   CODE SIZE        =     86    ----
   CONSTANT SIZE    =   ----    ----
   XDATA SIZE       =   ----    ----
   PDATA SIZE       =   ----    ----
   DATA SIZE        =      6    ----
   IDATA SIZE       =   ----    ----
   BIT SIZE         =   ----    ----
END OF MODULE INFORMATION.


C51 COMPILATION COMPLETE.  0 WARNING(S),  0 ERROR(S)
