C51 COMPILER V9.54   KEYBOARD                                                              11/16/2017 15:34:09 PAGE 1   


C51 COMPILER V9.54, COMPILATION OF MODULE KEYBOARD
OBJECT MODULE PLACED IN .\Objects\KeyBoard.obj
COMPILER INVOKED BY: F:\IDE\Keil_v5\C51\BIN\C51.EXE sources\KeyBoard.c OPTIMIZE(8,SPEED) BROWSE INCDIR(.\includes) DEBUG
                    - OBJECTEXTEND PRINT(.\Listings\KeyBoard.lst) OBJECT(.\Objects\KeyBoard.obj)

line level    source

   1          #define _KeyBoard_GLOBALS
   2          //#define _DATA_MANAGE_GLOBALS
   3          //#include "Mytype.h"
   4          #include "DataManage.h"
   5          #include "TM1629A.h"
   6          #include "KeyBoard.h"
   7          #include "WordCode.h"
   8          #include "CPU_Init.h"
   9          
  10          //按键初始化
  11          void key_init(void){
  12   1              SetJM = 1;//电压电流显示界面
  13   1              KeyBuf = 0xff;
  14   1              KEY_Back_State = 1;
  15   1              KEY_Set_State = 1;
  16   1              KEY_Up_State = 1;
  17   1              KEY_Move_State = 1;
  18   1      }
  19          
  20          //按键检测
  21          void key_check(void){
  22   1              if(Key_100ms){
  23   2                      Key_100ms = 0;//清楚标志位
  24   2                      //KEY1
  25   2                      if(!KEY_Up){//低电平
  26   3                              if(KEY_Up_State){
  27   4                                      KEY_Up_Deal();
  28   4                                      KEY_Up_State = 0;
  29   4                              }
  30   3                              else    return;
  31   3                      }
  32   2                      else
  33   2                              KEY_Up_State = 1;
  34   2                      
  35   2                      //KEY2
  36   2                      if(!KEY_Move){//低电平
  37   3                              if(KEY_Move_State){
  38   4                                      KEY_Move_Deal();
  39   4                                      KEY_Move_State = 0;
  40   4                              }
  41   3                              else    return;
  42   3                      }
  43   2                      else
  44   2                              KEY_Move_State = 1;
  45   2                      
  46   2                      //KEY3
  47   2                      if(!KEY_Set){//低电平
  48   3                              if(KEY_Set_State){
  49   4                                      KEY_Set_Deal();
  50   4                                      KEY_Set_State = 0;
  51   4                              }
  52   3                              else    return;
  53   3                      }
  54   2                      else
C51 COMPILER V9.54   KEYBOARD                                                              11/16/2017 15:34:09 PAGE 2   

  55   2                              KEY_Set_State = 1;
  56   2                      
  57   2                      //KEY4
  58   2                      if(!KEY_Back){//低电平
  59   3                              if(KEY_Back_State){
  60   4                                      KEY_Back_Deal();
  61   4                                      KEY_Back_State = 0;
  62   4                              }
  63   3                              else    return;
  64   3                      }
  65   2                      else
  66   2                              KEY_Back_State = 1;
  67   2              }
  68   1      }
  69          
  70          
  71          void KEY_Back_Deal(void){
  72   1              if(SetJM > 1)//在任何界面都可返回数据显示界面
  73   1                      SetJM = 1;
  74   1      }
  75          
  76          
  77          void KEY_Set_Deal(void){
  78   1              u16 SetCode;
  79   1              u16 temp;
  80   1              if(SetJM==1){//进入密码设置界面
  81   2                      SetJM = 2;
  82   2                      SetCode = 9999;
  83   2                      WORD_LINE(&CODEcode,0);
  84   2                      WORD_LINE(&Blankcode,1);
  85   2                      SEG_LINE(SetCode,2);
  86   2              }
  87   1              else if(SetJM == 2){//判断密码是否正确
  88   2                      temp = GET_NUM_LINE(2);
  89   2                      if(temp == 1){//密码正确,进入电压参数设置界面
  90   3                              SetJM = 3;
  91   3                              WORD_LINE(&INPTcode,0);
  92   3                              WORD_LINE(&RUcode,1);
  93   3                              SEG_LINE(5438,2);
  94   3                      }
  95   2                      else{
  96   3                              SetJM = 1;
  97   3                      }
  98   2              }
  99   1              else if(SetJM == 3){//进入电流参数设置界面
 100   2                      SetJM = 4;
 101   2                      WORD_LINE(&INPTcode,0);
 102   2                      WORD_LINE(&RIcode,1);
 103   2                      SEG_LINE(3856,2);
 104   2              }
 105   1              else if(SetJM == 4){
 106   2                      SetJM = 1;
 107   2              }
 108   1      }
 109          
 110          
 111          void KEY_Up_Deal(void){
 112   1              u16 temp;
 113   1              if(SetJM == 2){//调整密码
 114   2                      temp = GET_NUM_LINE(2);
 115   2                      if(temp == 9999) temp=0;
 116   2                      else temp = temp+1;
C51 COMPILER V9.54   KEYBOARD                                                              11/16/2017 15:34:09 PAGE 3   

 117   2                      SEG_LINE(temp,2);
 118   2              }       
 119   1      }
 120          
 121          
 122          void KEY_Move_Deal(void){
 123   1              
 124   1      }
 125          


MODULE INFORMATION:   STATIC OVERLAYABLE
   CODE SIZE        =    340    ----
   CONSTANT SIZE    =   ----    ----
   XDATA SIZE       =   ----    ----
   PDATA SIZE       =   ----    ----
   DATA SIZE        =   ----       2
   IDATA SIZE       =   ----    ----
   BIT SIZE         =   ----    ----
END OF MODULE INFORMATION.


C51 COMPILATION COMPLETE.  0 WARNING(S),  0 ERROR(S)
