C51 COMPILER V9.54   MAIN                                                                  11/16/2017 15:34:09 PAGE 1   


C51 COMPILER V9.54, COMPILATION OF MODULE MAIN
OBJECT MODULE PLACED IN .\Objects\main.obj
COMPILER INVOKED BY: F:\IDE\Keil_v5\C51\BIN\C51.EXE sources\main.c OPTIMIZE(8,SPEED) BROWSE INCDIR(.\includes) DEBUG OBJ
                    -ECTEXTEND PRINT(.\Listings\main.lst) OBJECT(.\Objects\main.obj)

line level    source

   1          #define _WordCode_GLOBALS
   2          #define _DATA_MANAGE_GLOBALS
   3          //#define _DataChange_GLOBALS
   4          
   5          //#include "STC15F2K48AS.h"
   6          #include "TM1629A.h"
   7          //#include "Mytype.h"
   8          #include "DataManage.h"
   9          #include "WordCode.h"
  10          #include "CPU_Init.h"
  11          #include "KeyBoard.h"
  12          #include "Display.h"
  13          #include "RN8209D.h"
  14          #include "UartDeal.h"
  15          #include "DataChange.h"
  16          
  17          void sysDataInit(void){
  18   1              Calibration.Ks_IC_Span.data16 = 10000;
  19   1      }
  20          
  21          void main(){
  22   1              //io口初始化
  23   1              P1ASF = 0x00;//P1口模拟功能关闭
  24   1              P0M0 = 0x00;
  25   1              P0M1 = 0x00;
  26   1              RN8209D_SCSN_HIGH();
  27   1              
  28   1              WDT_CONTR = 0;//喂狗
  29   1              
  30   1              key_init();//按键初始化
  31   1              InitTimer0();
  32   1              UartRunInit();
  33   1              sysDataInit();
  34   1              RN8209D_Init();
  35   1              
  36   1              
  37   1              tm1629a_DIS_Open();
  38   1          WDT_CONTR |= 0x10;
  39   1          tm1629_DisAll();
  40   1              
  41   1              EA = 1;//全局中断使能
  42   1      
  43   1              
  44   1              while(1){
  45   2                      Get_IRMS();
  46   2                      key_check();
  47   2                      tm1629_DisAll();
  48   2                      Display_U();
  49   2                      Display_I();
  50   2                      WDT_CONTR |= 0x10;
  51   2              }
  52   1      }


C51 COMPILER V9.54   MAIN                                                                  11/16/2017 15:34:09 PAGE 2   

MODULE INFORMATION:   STATIC OVERLAYABLE
   CODE SIZE        =     68    ----
   CONSTANT SIZE    =    300    ----
   XDATA SIZE       =    143    ----
   PDATA SIZE       =   ----    ----
   DATA SIZE        =   ----    ----
   IDATA SIZE       =   ----    ----
   BIT SIZE         =   ----    ----
END OF MODULE INFORMATION.


C51 COMPILATION COMPLETE.  0 WARNING(S),  0 ERROR(S)
